Change Dir: 'C:/Program Files (x86)/Steam/steamapps/common/Quake 2/rerelease/greywell/src/vcpkg_installed/vcpkg/blds/jsoncpp/x64-windows-rel'

Run Build Command(s): "C:/Program Files/Microsoft Visual Studio/2022/Community/Common7/IDE/CommonExtensions/Microsoft/CMake/Ninja/ninja.exe" -v -v -j5 install
[1/5] C:\PROGRA~1\MICROS~2\2022\COMMUN~1\VC\Tools\MSVC\1440~1.338\bin\Hostx64\x64\cl.exe   /TP -DJSON_DLL_BUILD -Djsoncpp_lib_EXPORTS -I"C:\Program Files (x86)\Steam\steamapps\common\Quake 2\rerelease\greywell\src\vcpkg_installed\vcpkg\blds\jsoncpp\src\1.9.5-13b47286ba.clean\include" -I"C:\Program Files (x86)\Steam\steamapps\common\Quake 2\rerelease\greywell\src\vcpkg_installed\vcpkg\blds\jsoncpp\src\1.9.5-13b47286ba.clean\src\lib_json\..\..\include" -I"C:\Program Files (x86)\Steam\steamapps\common\Quake 2\rerelease\greywell\src\vcpkg_installed\vcpkg\blds\jsoncpp\x64-windows-rel\include\json" /nologo /DWIN32 /D_WINDOWS /W3 /utf-8 /GR /EHsc /MP  /MD /O2 /Oi /Gy /DNDEBUG /Z7  -MD /showIncludes /Fosrc\lib_json\CMakeFiles\jsoncpp_lib.dir\json_value.cpp.obj /Fdsrc\lib_json\CMakeFiles\jsoncpp_lib.dir\ /FS -c "C:\Program Files (x86)\Steam\steamapps\common\Quake 2\rerelease\greywell\src\vcpkg_installed\vcpkg\blds\jsoncpp\src\1.9.5-13b47286ba.clean\src\lib_json\json_value.cpp"
[2/5] C:\PROGRA~1\MICROS~2\2022\COMMUN~1\VC\Tools\MSVC\1440~1.338\bin\Hostx64\x64\cl.exe   /TP -DJSON_DLL_BUILD -Djsoncpp_lib_EXPORTS -I"C:\Program Files (x86)\Steam\steamapps\common\Quake 2\rerelease\greywell\src\vcpkg_installed\vcpkg\blds\jsoncpp\src\1.9.5-13b47286ba.clean\include" -I"C:\Program Files (x86)\Steam\steamapps\common\Quake 2\rerelease\greywell\src\vcpkg_installed\vcpkg\blds\jsoncpp\src\1.9.5-13b47286ba.clean\src\lib_json\..\..\include" -I"C:\Program Files (x86)\Steam\steamapps\common\Quake 2\rerelease\greywell\src\vcpkg_installed\vcpkg\blds\jsoncpp\x64-windows-rel\include\json" /nologo /DWIN32 /D_WINDOWS /W3 /utf-8 /GR /EHsc /MP  /MD /O2 /Oi /Gy /DNDEBUG /Z7  -MD /showIncludes /Fosrc\lib_json\CMakeFiles\jsoncpp_lib.dir\json_writer.cpp.obj /Fdsrc\lib_json\CMakeFiles\jsoncpp_lib.dir\ /FS -c "C:\Program Files (x86)\Steam\steamapps\common\Quake 2\rerelease\greywell\src\vcpkg_installed\vcpkg\blds\jsoncpp\src\1.9.5-13b47286ba.clean\src\lib_json\json_writer.cpp"
[3/5] C:\PROGRA~1\MICROS~2\2022\COMMUN~1\VC\Tools\MSVC\1440~1.338\bin\Hostx64\x64\cl.exe   /TP -DJSON_DLL_BUILD -Djsoncpp_lib_EXPORTS -I"C:\Program Files (x86)\Steam\steamapps\common\Quake 2\rerelease\greywell\src\vcpkg_installed\vcpkg\blds\jsoncpp\src\1.9.5-13b47286ba.clean\include" -I"C:\Program Files (x86)\Steam\steamapps\common\Quake 2\rerelease\greywell\src\vcpkg_installed\vcpkg\blds\jsoncpp\src\1.9.5-13b47286ba.clean\src\lib_json\..\..\include" -I"C:\Program Files (x86)\Steam\steamapps\common\Quake 2\rerelease\greywell\src\vcpkg_installed\vcpkg\blds\jsoncpp\x64-windows-rel\include\json" /nologo /DWIN32 /D_WINDOWS /W3 /utf-8 /GR /EHsc /MP  /MD /O2 /Oi /Gy /DNDEBUG /Z7  -MD /showIncludes /Fosrc\lib_json\CMakeFiles\jsoncpp_lib.dir\json_reader.cpp.obj /Fdsrc\lib_json\CMakeFiles\jsoncpp_lib.dir\ /FS -c "C:\Program Files (x86)\Steam\steamapps\common\Quake 2\rerelease\greywell\src\vcpkg_installed\vcpkg\blds\jsoncpp\src\1.9.5-13b47286ba.clean\src\lib_json\json_reader.cpp"
[4/5] C:\Windows\system32\cmd.exe /C "cd . && "C:\Program Files\CMake\bin\cmake.exe" -E vs_link_dll --intdir=src\lib_json\CMakeFiles\jsoncpp_lib.dir --rc=C:\PROGRA~2\WI3CF2~1\10\bin\100226~1.0\x64\rc.exe --mt=C:\PROGRA~2\WI3CF2~1\10\bin\100226~1.0\x64\mt.exe --manifests  -- C:\PROGRA~1\MICROS~2\2022\COMMUN~1\VC\Tools\MSVC\1440~1.338\bin\Hostx64\x64\link.exe  src\lib_json\CMakeFiles\jsoncpp_lib.dir\json_reader.cpp.obj src\lib_json\CMakeFiles\jsoncpp_lib.dir\json_value.cpp.obj src\lib_json\CMakeFiles\jsoncpp_lib.dir\json_writer.cpp.obj  /out:bin\jsoncpp.dll /implib:lib\jsoncpp.lib /pdb:bin\jsoncpp.pdb /dll /version:1.9 /machi-- Install configuration: "Release"
-- Installing: C:/Program Files (x86)/Steam/steamapps/common/Quake 2/rerelease/greywell/src/vcpkg_installed/vcpkg/pkgs/jsoncpp_x64-windows/lib/pkgconfig/jsoncpp.pc
-- Installing: C:/Program Files (x86)/Steam/steamapps/common/Quake 2/rerelease/greywell/src/vcpkg_installed/vcpkg/pkgs/jsoncpp_x64-windows/lib/cmake/jsoncpp/jsoncpp-targets.cmake
-- Installing: C:/Program Files (x86)/Steam/steamapps/common/Quake 2/rerelease/greywell/src/vcpkg_installed/vcpkg/pkgs/jsoncpp_x64-windows/lib/cmake/jsoncpp/jsoncpp-targets-release.cmake
-- Installing: C:/Program Files (x86)/Steam/steamapps/common/Quake 2/rerelease/greywell/src/vcpkg_installed/vcpkg/pkgs/jsoncpp_x64-windows/lib/cmake/jsoncpp/jsoncppConfigVersion.cmake
-- Installing: C:/Program Files (x86)/Steam/steamapps/common/Quake 2/rerelease/greywell/src/vcpkg_installed/vcpkg/pkgs/jsoncpp_x64-windows/lib/cmake/jsoncpp/jsoncppConfig.cmake
-- Installing: C:/Program Files (x86)/Steam/steamapps/common/Quake 2/rerelease/greywell/src/vcpkg_installed/vcpkg/pkgs/jsoncpp_x64-windows/lib/cmake/jsoncpp/jsoncpp-namespaced-targets.cmake
-- Installing: C:/Program Files (x86)/Steam/steamapps/common/Quake 2/rerelease/greywell/src/vcpkg_installed/vcpkg/pkgs/jsoncpp_x64-windows/lib/jsoncpp.lib
-- Installing: C:/Program Files (x86)/Steam/steamapps/common/Quake 2/rerelease/greywell/src/vcpkg_installed/vcpkg/pkgs/jsoncpp_x64-windows/bin/jsoncpp.dll
-- Installing: C:/Program Files (x86)/Steam/steamapps/common/Quake 2/rerelease/greywell/src/vcpkg_installed/vcpkg/pkgs/jsoncpp_x64-windows/include/json/allocator.h
-- Installing: C:/Program Files (x86)/Steam/steamapps/common/Quake 2/rerelease/greywell/src/vcpkg_installed/vcpkg/pkgs/jsoncpp_x64-windows/include/json/assertions.h
-- Installing: C:/Program Files (x86)/Steam/steamapps/common/Quake 2/rerelease/greywell/src/vcpkg_installed/vcpkg/pkgs/jsoncpp_x64-windows/include/json/config.h
-- Installing: C:/Program Files (x86)/Steam/steamapps/common/Quake 2/rerelease/greywell/src/vcpkg_installed/vcpkg/pkgs/jsoncpp_x64-windows/include/json/forwards.h
-- Installing: C:/Program Files (x86)/Steam/steamapps/common/Quake 2/rerelease/greywell/src/vcpkg_installed/vcpkg/pkgs/jsoncpp_x64-windows/include/json/json.h
-- Installing: C:/Program Files (x86)/Steam/steamapps/common/Quake 2/rerelease/greywell/src/vcpkg_installed/vcpkg/pkgs/jsoncpp_x64-windows/include/json/json_features.h
-- Installing: C:/Program Files (x86)/Steam/steamapps/common/Quake 2/rerelease/greywell/src/vcpkg_installed/vcpkg/pkgs/jsoncpp_x64-windows/include/json/reader.h
-- Installing: C:/Program Files (x86)/Steam/steamapps/common/Quake 2/rerelease/greywell/src/vcpkg_installed/vcpkg/pkgs/jsoncpp_x64-windows/include/json/value.h
-- Installing: C:/Program Files (x86)/Steam/steamapps/common/Quake 2/rerelease/greywell/src/vcpkg_installed/vcpkg/pkgs/jsoncpp_x64-windows/include/json/version.h
-- Installing: C:/Program Files (x86)/Steam/steamapps/common/Quake 2/rerelease/greywell/src/vcpkg_installed/vcpkg/pkgs/jsoncpp_x64-windows/include/json/writer.h
ne:x64 /nologo /DEBUG /INCREMENTAL:NO /OPT:REF /OPT:ICF  kernel32.lib user32.lib gdi32.lib winspool.lib shell32.lib ole32.lib oleaut32.lib uuid.lib comdlg32.lib advapi32.lib && cd ."
[4/5] C:\Windows\system32\cmd.exe /C "cd /D "C:\Program Files (x86)\Steam\steamapps\common\Quake 2\rerelease\greywell\src\vcpkg_installed\vcpkg\blds\jsoncpp\x64-windows-rel" && "C:\Program Files\CMake\bin\cmake.exe" -P cmake_install.cmake"

